2020/11/05 20:31:42 [debug] xiaodaimeng/main.go:58 recv: [123 34 116 105 109 101 115 34 58 34 50 48 50 48 45 49 49 45 48 53 32 50 48 45 51 49 45 52 50 34 44 34 116 121 112 101 34 58 34 230 150 135 229 173 151 34 44 34 115 111 117 114 99 101 34 58 34 229 165 189 229 143 139 230 182 136 230 129 175 34 44 34 119 120 105 100 34 58 34 119 120 105 100 95 117 51 113 49 54 50 103 102 117 113 56 107 50 50 34 44 34 109 115 103 83 101 110 100 101 114 34 58 34 34 44 34 99 111 110 116 101 110 116 34 58 34 229 156 168 229 147 170 34 125]
2020/11/05 20:32:19 [debug] xiaodaimeng/main.go:58 recv: {"times":"2020-11-05 20-32-19","type":"文字","source":"好友消息","wxid":"wxid_u3q162gfuq8k22","msgSender":"","content":"在哪"}
2020/11/05 20:33:10 [debug] xiaodaimeng/main.go:58 recv: {"times":"2020-11-05 20-33-10","type":"共享实时位置、文件、好友消息","source":"好友消息","wxid":"wxid_u3q162gfuq8k22","msgSender":"","content":"消息内容过长 已经过滤"}
2020/11/05 20:34:07 [debug] xiaodaimeng/main.go:73 write:write tcp [::1]:52334->[::1]:9100: wsasend: An existing connection was forcibly closed by the remote host.
2020/11/05 20:43:14 [debug] xiaodaimeng/main.go:55 recv: {"times":"2020-11-05 20-43-14","type":"文字","source":"好友消息","wxid":"wxid_u3q162gfuq8k22","msgSender":"","content":"在不"}
2020/11/05 20:44:18 [info] xiaodaimeng/main.go:41 connecting to ws://localhost:9100
2020/11/06 09:54:51 [info]  xiaodaimeng/main.go : 41   connecting to ws://localhost:9100
2020/11/06 09:55:17 [info]  xiaodaimeng/main.go : 41   connecting to ws://localhost:9100
2020/11/06 09:56:31 [info]  xiaodaimeng/main.go : 41   connecting to ws://localhost:9100
2020/11/06 09:56:46 [info]  xiaodaimeng/main.go : 41   connecting to ws://localhost:9100
2020/11/06 10:24:27 [debug]  xiaodaimeng/main.go : 72   write:write tcp [::1]:55568->[::1]:9100: wsasend: An existing connection was forcibly closed by the remote host.
2020/11/06 10:25:16 [debug]  xiaodaimeng/main.go : 55   recv: {"times":"2020-11-06 10-25-16","type":"文字","source":"好友消息","wxid":"Conan444444164","msgSender":"","content":"成语接龙"}
2020/11/06 10:25:17 [debug]  xiaodaimeng/main.go : 55   recv: {"times":"2020-11-06 10-25-17","type":"文字","source":"好友消息","wxid":"Conan444444164","msgSender":"","content":"欢迎来到成语接龙。请说“准备好了”来开始游戏，或者“退出游戏”来结束游戏。"}
2020/11/06 10:25:19 [debug]  xiaodaimeng/main.go : 55   recv: {"times":"2020-11-06 10-25-19","type":"文字","source":"好友消息","wxid":"Conan444444164","msgSender":"","content":"你看起来还没准备好。"}
2020/11/06 10:25:20 [debug]  xiaodaimeng/main.go : 55   recv: {"times":"2020-11-06 10-25-20","type":"文字","source":"好友消息","wxid":"Conan444444164","msgSender":"","content":"你看起来还没准备好。"}
2020/11/06 10:25:22 [debug]  xiaodaimeng/main.go : 55   recv: {"times":"2020-11-06 10-25-22","type":"文字","source":"好友消息","wxid":"Conan444444164","msgSender":"","content":"请以上一个成语尾字或其同音字作为你成语的开头。开始了，听题：情随事迁"}
2020/11/06 10:25:23 [debug]  xiaodaimeng/main.go : 55   recv: {"times":"2020-11-06 10-25-23","type":"文字","source":"好友消息","wxid":"Conan444444164","msgSender":"","content":"首字不符合要求。提示一个成语，它的意思是：身体前后晃动。形容大笑或困倦得直不起腰的样子。"}
2020/11/06 10:25:25 [debug]  xiaodaimeng/main.go : 55   recv: {"times":"2020-11-06 10-25-25","type":"文字","source":"好友消息","wxid":"Conan444444164","msgSender":"","content":"不对奥，要以“迁”或它的同音字开头。提示一个成语，它的第3个字是后"}
2020/11/06 10:25:26 [debug]  xiaodaimeng/main.go : 55   recv: {"times":"2020-11-06 10-25-26","type":"文字","source":"好友消息","wxid":"Conan444444164","msgSender":"","content":"首字不符合要求。提示一个成语，它的第4个字是合"}
2020/11/06 10:26:08 [debug]  xiaodaimeng/main.go : 55   recv: {"times":"2020-11-06 10-26-08","type":"文字","source":"好友消息","wxid":"wxid_u3q162gfuq8k22","msgSender":"","content":"成语接龙"}
2020/11/06 10:26:15 [debug]  xiaodaimeng/main.go : 55   recv: {"times":"2020-11-06 10-26-15","type":"文字","source":"好友消息","wxid":"wxid_u3q162gfuq8k22","msgSender":"","content":"退出游戏"}
2020/11/06 10:27:24 [debug]  xiaodaimeng/main.go : 55   recv: {"times":"2020-11-06 10-27-24","type":"文字","source":"好友消息","wxid":"wxid_u3q162gfuq8k22","msgSender":"","content":"日记本"}
2020/11/06 10:28:15 [debug]  xiaodaimeng/main.go : 55   recv: {"times":"2020-11-06 10-28-15","type":"文字","source":"好友消息","wxid":"wxid_u3q162gfuq8k22","msgSender":"","content":"Pa"}
2020/11/06 10:28:23 [debug]  xiaodaimeng/main.go : 55   recv: {"times":"2020-11-06 10-28-23","type":"文字","source":"好友消息","wxid":"wxid_u3q162gfuq8k22","msgSender":"","content":"t"}
2020/11/06 10:30:35 [debug]  xiaodaimeng/main.go : 55   recv: {"times":"2020-11-06 10-30-35","type":"文字","source":"好友消息","wxid":"wxid_u3q162gfuq8k22","msgSender":"","content":"成语接龙"}
2020/11/06 10:30:35 [debug]  controllor/msg.go : 109   是菜单函数
2020/11/06 10:30:35 [debug]  controllor/menu.go : 99   Cyjl
2020/11/06 10:30:48 [debug]  xiaodaimeng/main.go : 55   recv: {"times":"2020-11-06 10-30-48","type":"文字","source":"好友消息","wxid":"wxid_u3q162gfuq8k22","msgSender":"","content":"日记本"}
2020/11/06 10:30:48 [debug]  controllor/msg.go : 109   是菜单函数
2020/11/06 10:30:48 [debug]  controllor/menu.go : 107   Diary
2020/11/06 10:44:37 [debug]  xiaodaimeng/main.go : 55   recv: {"times":"2020-11-06 10-44-37","type":"文字","source":"好友消息","wxid":"wxid_u3q162gfuq8k22","msgSender":"","content":"日记"}
2020/11/06 10:44:37 [debug]  controllor/msg.go : 109   是菜单函数
2020/11/06 10:44:37 [debug]  controllor/menu.go : 121   Diary
2020/11/06 10:44:42 [debug]  xiaodaimeng/main.go : 55   recv: {"times":"2020-11-06 10-44-42","type":"文字","source":"好友消息","wxid":"wxid_u3q162gfuq8k22","msgSender":"","content":"0"}
2020/11/06 10:44:53 [debug]  xiaodaimeng/main.go : 55   recv: {"times":"2020-11-06 10-44-53","type":"文字","source":"好友消息","wxid":"wxid_u3q162gfuq8k22","msgSender":"","content":"菜单"}
2020/11/06 10:45:19 [debug]  xiaodaimeng/main.go : 55   recv: {"times":"2020-11-06 10-45-19","type":"文字","source":"好友消息","wxid":"wxid_u3q162gfuq8k22","msgSender":"","content":"帮助"}
2020/11/06 10:45:19 [debug]  controllor/msg.go : 109   是菜单函数
2020/11/06 10:45:38 [debug]  xiaodaimeng/main.go : 55   recv: {"times":"2020-11-06 10-45-38","type":"文字","source":"好友消息","wxid":"wxid_u3q162gfuq8k22","msgSender":"","content":"关于"}
2020/11/06 10:45:38 [debug]  controllor/msg.go : 109   是菜单函数
2020/11/06 10:45:38 [debug]  controllor/menu.go : 106   About
2020/11/06 10:46:13 [debug]  xiaodaimeng/main.go : 55   recv: {"times":"2020-11-06 10-46-13","type":"文字","source":"好友消息","wxid":"wxid_u3q162gfuq8k22","msgSender":"","content":"成语接龙"}
2020/11/06 10:46:13 [debug]  controllor/msg.go : 109   是菜单函数
2020/11/06 10:46:13 [debug]  controllor/menu.go : 111   Cyjl
2020/11/06 10:46:19 [debug]  xiaodaimeng/main.go : 55   recv: {"times":"2020-11-06 10-46-19","type":"文字","source":"好友消息","wxid":"wxid_u3q162gfuq8k22","msgSender":"","content":"退出"}
2020/11/06 10:46:27 [debug]  xiaodaimeng/main.go : 55   recv: {"times":"2020-11-06 10-46-27","type":"文字","source":"好友消息","wxid":"wxid_u3q162gfuq8k22","msgSender":"","content":"帮助"}
2020/11/06 10:46:27 [debug]  controllor/msg.go : 109   是菜单函数
2020/11/06 10:46:31 [debug]  xiaodaimeng/main.go : 55   recv: {"times":"2020-11-06 10-46-31","type":"文字","source":"好友消息","wxid":"wxid_u3q162gfuq8k22","msgSender":"","content":"1"}
2020/11/06 10:46:35 [debug]  xiaodaimeng/main.go : 55   recv: {"times":"2020-11-06 10-46-35","type":"文字","source":"好友消息","wxid":"wxid_u3q162gfuq8k22","msgSender":"","content":"2"}
2020/11/06 10:47:18 [debug]  xiaodaimeng/main.go : 55   recv: {"times":"2020-11-06 10-47-18","type":"文字","source":"好友消息","wxid":"wxid_u3q162gfuq8k22","msgSender":"","content":"0"}
2020/11/06 10:47:18 [debug]  controllor/msg.go : 109   是菜单函数
2020/11/06 10:47:22 [debug]  xiaodaimeng/main.go : 55   recv: {"times":"2020-11-06 10-47-22","type":"文字","source":"好友消息","wxid":"wxid_u3q162gfuq8k22","msgSender":"","content":"1"}
2020/11/06 10:47:22 [debug]  controllor/msg.go : 109   是菜单函数
2020/11/06 10:47:22 [debug]  controllor/menu.go : 106   About
2020/11/06 10:48:44 [debug]  xiaodaimeng/main.go : 55   recv: {"times":"2020-11-06 10-48-44","type":"文字","source":"好友消息","wxid":"wxid_u3q162gfuq8k22","msgSender":"","content":"0"}
2020/11/06 10:48:44 [debug]  controllor/msg.go : 109   是菜单函数
2020/11/06 10:48:57 [debug]  xiaodaimeng/main.go : 55   recv: {"times":"2020-11-06 10-48-57","type":"文字","source":"好友消息","wxid":"wxid_u3q162gfuq8k22","msgSender":"","content":"0"}
2020/11/06 10:48:57 [debug]  controllor/msg.go : 109   是菜单函数
2020/11/06 10:49:10 [debug]  xiaodaimeng/main.go : 55   recv: {"times":"2020-11-06 10-49-10","type":"文字","source":"好友消息","wxid":"wxid_u3q162gfuq8k22","msgSender":"","content":"h"}
2020/11/06 10:49:21 [debug]  xiaodaimeng/main.go : 55   recv: {"times":"2020-11-06 10-49-21","type":"文字","source":"好友消息","wxid":"wxid_u3q162gfuq8k22","msgSender":"","content":"about"}
2020/11/06 10:49:49 [debug]  xiaodaimeng/main.go : 55   recv: {"times":"2020-11-06 10-49-49","type":"文字","source":"好友消息","wxid":"wxid_u3q162gfuq8k22","msgSender":"","content":"h"}
2020/11/06 10:49:49 [debug]  controllor/msg.go : 109   是菜单函数
2020/11/06 10:49:56 [debug]  xiaodaimeng/main.go : 55   recv: {"times":"2020-11-06 10-49-56","type":"文字","source":"好友消息","wxid":"wxid_u3q162gfuq8k22","msgSender":"","content":"1"}
2020/11/06 10:49:56 [debug]  controllor/msg.go : 109   是菜单函数
2020/11/06 10:49:56 [debug]  controllor/menu.go : 110   About
2020/11/06 10:50:24 [debug]  xiaodaimeng/main.go : 55   recv: {"times":"2020-11-06 10-50-24","type":"文字","source":"好友消息","wxid":"wxid_u3q162gfuq8k22","msgSender":"","content":"1"}
2020/11/06 10:50:24 [debug]  controllor/msg.go : 109   是菜单函数
2020/11/06 10:50:24 [debug]  controllor/menu.go : 110   About
