[0913/163350:INFO:exception_record.cc(518)] [QB]Process ID: 10316 Type: 1
[0913/163350:ERROR:extension_system.cc(72)] Failed to parse extension manifest.
[0913/163350:ERROR:content_client.cc(601)] No data resource available for id 23668
[0913/163350:INFO:exception_record.cc(518)] [QB]Process ID: 11936 Type: 3
[0913/163422:INFO:exception_record.cc(518)] [QB]Process ID: 188 Type: 1
[0913/163423:ERROR:extension_system.cc(72)] Failed to parse extension manifest.
[0913/163423:ERROR:content_client.cc(601)] No data resource available for id 23668
[0913/163423:INFO:exception_record.cc(518)] [QB]Process ID: 2568 Type: 3
[0913/163523:INFO:exception_record.cc(518)] [QB]Process ID: 7092 Type: 1
[0913/163523:ERROR:extension_system.cc(72)] Failed to parse extension manifest.
[0913/163523:ERROR:content_client.cc(601)] No data resource available for id 23668
[0913/163524:INFO:exception_record.cc(518)] [QB]Process ID: 12008 Type: 3
[1103/080558:INFO:exception_record.cc(518)] [QB]Process ID: 5432 Type: 1
[1103/080559:INFO:exception_record.cc(518)] [QB]Process ID: 6272 Type: 3
[1103/080559:ERROR:angle_platform_impl.cc(33)] ANGLE Display::initialize error 5: DXGI 1.2 required to present to HWNDs owned by another process.
[1103/080559:ERROR:gl_surface_egl.cc(598)] eglInitialize D3D11 failed with error EGL_NOT_INITIALIZED, trying next display type
[1103/080940:FATAL:url_request_context.cc(108)] Check failed: false. Leaked 1 URLRequest(s). First URL: http://qbwup.imtt.qq.com/.
Backtrace:
	CLInfo [0x089763B7+224727]
	cef_time_to_timet [0x0893E4C1+635473]
	GetHandleVerifier [0x08AFB48C+1569292]
	TerminateProcessWithoutDump [0x0A74A56E+9855774]
	IsSandboxedProcess [0x0B43B990+2542080]
	TerminateProcessWithoutDump [0x0A680887+9029175]
	TerminateProcessWithoutDump [0x0A6808D5+9029253]
	TerminateProcessWithoutDump [0x0A680BAE+9029982]
	TerminateProcessWithoutDump [0x0A66F2B4+8958052]
	TerminateProcessWithoutDump [0x0A66F435+8958437]
	TerminateProcessWithoutDump [0x0A6551F5+8851365]
	TerminateProcessWithoutDump [0x0A655438+8851944]
	TerminateProcessWithoutDump [0x0A6554CB+8852091]
	RtlQueryEnvironmentVariable [0x77A59264+581]
	LdrShutdownProcess [0x77A78FA8+321]
	RtlExitUserProcess [0x77A78E4A+116]
	ExitProcess [0x755E7A3D+21]
	(No symbol) [0x01218AE8]
	(No symbol) [0x01218A7E]
	(No symbol) [0x01218BDF]
	(No symbol) [0x012130CA]
	BaseThreadInitThunk [0x755E344D+18]
	RtlInitializeExceptionChain [0x77A59802+99]
	RtlInitializeExceptionChain [0x77A597D5+54]

[1103/081201:INFO:exception_record.cc(518)] [QB]Process ID: 2712 Type: 1
[1103/081201:INFO:exception_record.cc(518)] [QB]Process ID: 6392 Type: 3
[1103/081202:ERROR:angle_platform_impl.cc(33)] ANGLE Display::initialize error 5: DXGI 1.2 required to present to HWNDs owned by another process.
[1103/081202:ERROR:gl_surface_egl.cc(598)] eglInitialize D3D11 failed with error EGL_NOT_INITIALIZED, trying next display type
[1103/081628:INFO:exception_record.cc(518)] [QB]Process ID: 7712 Type: 1
[1103/081628:INFO:exception_record.cc(518)] [QB]Process ID: 8300 Type: 3
[1103/081628:ERROR:angle_platform_impl.cc(33)] ANGLE Display::initialize error 5: DXGI 1.2 required to present to HWNDs owned by another process.
[1103/081628:ERROR:gl_surface_egl.cc(598)] eglInitialize D3D11 failed with error EGL_NOT_INITIALIZED, trying next display type
[1103/081949:INFO:exception_record.cc(518)] [QB]Process ID: 1756 Type: 1
[1103/081949:INFO:exception_record.cc(518)] [QB]Process ID: 7716 Type: 3
[1103/081949:ERROR:angle_platform_impl.cc(33)] ANGLE Display::initialize error 5: DXGI 1.2 required to present to HWNDs owned by another process.
[1103/081949:ERROR:gl_surface_egl.cc(598)] eglInitialize D3D11 failed with error EGL_NOT_INITIALIZED, trying next display type
[1103/084307:INFO:exception_record.cc(518)] [QB]Process ID: 8380 Type: 1
[1103/084308:INFO:exception_record.cc(518)] [QB]Process ID: 4372 Type: 3
[1103/084308:ERROR:angle_platform_impl.cc(33)] ANGLE Display::initialize error 5: DXGI 1.2 required to present to HWNDs owned by another process.
[1103/084308:ERROR:gl_surface_egl.cc(598)] eglInitialize D3D11 failed with error EGL_NOT_INITIALIZED, trying next display type
[1103/084342:INFO:exception_record.cc(518)] [QB]Process ID: 6004 Type: 1
[1103/084342:INFO:exception_record.cc(518)] [QB]Process ID: 9152 Type: 3
[1103/084342:ERROR:angle_platform_impl.cc(33)] ANGLE Display::initialize error 5: DXGI 1.2 required to present to HWNDs owned by another process.
[1103/084342:ERROR:gl_surface_egl.cc(598)] eglInitialize D3D11 failed with error EGL_NOT_INITIALIZED, trying next display type
[1103/085111:INFO:exception_record.cc(518)] [QB]Process ID: 5488 Type: 1
[1103/085111:INFO:exception_record.cc(518)] [QB]Process ID: 8376 Type: 3
[1103/085111:ERROR:angle_platform_impl.cc(33)] ANGLE Display::initialize error 5: DXGI 1.2 required to present to HWNDs owned by another process.
[1103/085111:ERROR:gl_surface_egl.cc(598)] eglInitialize D3D11 failed with error EGL_NOT_INITIALIZED, trying next display type
[1103/085428:INFO:exception_record.cc(518)] [QB]Process ID: 4808 Type: 1
[1103/085428:INFO:exception_record.cc(518)] [QB]Process ID: 8588 Type: 3
[1103/085428:ERROR:angle_platform_impl.cc(33)] ANGLE Display::initialize error 5: DXGI 1.2 required to present to HWNDs owned by another process.
[1103/085428:ERROR:gl_surface_egl.cc(598)] eglInitialize D3D11 failed with error EGL_NOT_INITIALIZED, trying next display type
[1103/085958:INFO:exception_record.cc(518)] [QB]Process ID: 3200 Type: 1
[1103/085958:INFO:exception_record.cc(518)] [QB]Process ID: 1428 Type: 3
[1103/085958:ERROR:angle_platform_impl.cc(33)] ANGLE Display::initialize error 5: DXGI 1.2 required to present to HWNDs owned by another process.
[1103/085958:ERROR:gl_surface_egl.cc(598)] eglInitialize D3D11 failed with error EGL_NOT_INITIALIZED, trying next display type
[1103/090305:INFO:exception_record.cc(518)] [QB]Process ID: 908 Type: 1
[1103/090305:INFO:exception_record.cc(518)] [QB]Process ID: 2192 Type: 3
[1103/090306:ERROR:angle_platform_impl.cc(33)] ANGLE Display::initialize error 5: DXGI 1.2 required to present to HWNDs owned by another process.
[1103/090306:ERROR:gl_surface_egl.cc(598)] eglInitialize D3D11 failed with error EGL_NOT_INITIALIZED, trying next display type
[1103/091859:INFO:exception_record.cc(518)] [QB]Process ID: 7952 Type: 1
[1103/091900:INFO:exception_record.cc(518)] [QB]Process ID: 3888 Type: 3
[1103/091900:ERROR:angle_platform_impl.cc(33)] ANGLE Display::initialize error 5: DXGI 1.2 required to present to HWNDs owned by another process.
[1103/091900:ERROR:gl_surface_egl.cc(598)] eglInitialize D3D11 failed with error EGL_NOT_INITIALIZED, trying next display type
[1103/092058:INFO:exception_record.cc(518)] [QB]Process ID: 8756 Type: 1
[1103/092059:INFO:exception_record.cc(518)] [QB]Process ID: 7596 Type: 3
[1103/092059:ERROR:angle_platform_impl.cc(33)] ANGLE Display::initialize error 5: DXGI 1.2 required to present to HWNDs owned by another process.
[1103/092059:ERROR:gl_surface_egl.cc(598)] eglInitialize D3D11 failed with error EGL_NOT_INITIALIZED, trying next display type
[1103/093616:INFO:exception_record.cc(518)] [QB]Process ID: 8268 Type: 1
[1103/093616:INFO:exception_record.cc(518)] [QB]Process ID: 3244 Type: 3
[1103/093616:ERROR:angle_platform_impl.cc(33)] ANGLE Display::initialize error 5: DXGI 1.2 required to present to HWNDs owned by another process.
[1103/093616:ERROR:gl_surface_egl.cc(598)] eglInitialize D3D11 failed with error EGL_NOT_INITIALIZED, trying next display type
[1103/093932:INFO:exception_record.cc(518)] [QB]Process ID: 8260 Type: 1
[1103/093932:INFO:exception_record.cc(518)] [QB]Process ID: 5924 Type: 3
[1103/093932:ERROR:angle_platform_impl.cc(33)] ANGLE Display::initialize error 5: DXGI 1.2 required to present to HWNDs owned by another process.
[1103/093932:ERROR:gl_surface_egl.cc(598)] eglInitialize D3D11 failed with error EGL_NOT_INITIALIZED, trying next display type
[1103/094816:INFO:exception_record.cc(518)] [QB]Process ID: 8692 Type: 1
[1103/094817:INFO:exception_record.cc(518)] [QB]Process ID: 3780 Type: 3
[1103/094817:ERROR:angle_platform_impl.cc(33)] ANGLE Display::initialize error 5: DXGI 1.2 required to present to HWNDs owned by another process.
[1103/094817:ERROR:gl_surface_egl.cc(598)] eglInitialize D3D11 failed with error EGL_NOT_INITIALIZED, trying next display type
[1103/104319:INFO:exception_record.cc(518)] [QB]Process ID: 8372 Type: 1
[1103/104319:INFO:exception_record.cc(518)] [QB]Process ID: 8428 Type: 3
[1103/104319:ERROR:angle_platform_impl.cc(33)] ANGLE Display::initialize error 5: DXGI 1.2 required to present to HWNDs owned by another process.
[1103/104319:ERROR:gl_surface_egl.cc(598)] eglInitialize D3D11 failed with error EGL_NOT_INITIALIZED, trying next display type
